0 info it worked if it ends with ok
1 verbose cli [ '/usr/bin/nodejs',
1 verbose cli   '/usr/bin/npm',
1 verbose cli   'install',
1 verbose cli   'supervisor',
1 verbose cli   '-g' ]
2 info using npm@3.5.2
3 info using node@v4.2.6
4 silly loadCurrentTree Starting
5 silly install loadCurrentTree
6 silly install readGlobalPackageData
7 silly fetchPackageMetaData supervisor
8 silly fetchNamedPackageData supervisor
9 silly mapToRegistry name supervisor
10 silly mapToRegistry using default registry
11 silly mapToRegistry registry https://registry.npmjs.org/
12 silly mapToRegistry uri https://registry.npmjs.org/supervisor
13 verbose request uri https://registry.npmjs.org/supervisor
14 verbose request no auth needed
15 info attempt registry request try #1 at 10:29:45 PM
16 verbose request id 4d935305e201b5e2
17 verbose etag "59e70615-111bc"
18 verbose lastModified Wed, 18 Oct 2017 7:43:17 GMT
19 http request GET https://registry.npmjs.org/supervisor
20 http 200 https://registry.npmjs.org/supervisor
21 verbose headers { 'content-type': 'application/json; charset=UTF-8',
21 verbose headers   server: 'UploadServer',
21 verbose headers   'cache-control': 'max-age=300',
21 verbose headers   'last-modified': 'Mon, 25 Dec 2017 9:07:24 GMT',
21 verbose headers   etag: '"5a40bfcc-111cd"',
21 verbose headers   'content-encoding': 'gzip',
21 verbose headers   'content-length': '7062',
21 verbose headers   'accept-ranges': 'bytes',
21 verbose headers   date: 'Sat, 20 Jan 2018 21:29:45 GMT',
21 verbose headers   via: '1.1 varnish',
21 verbose headers   age: '7710',
21 verbose headers   connection: 'keep-alive',
21 verbose headers   'x-served-by': 'cache-ams4126-AMS',
21 verbose headers   'x-cache': 'HIT',
21 verbose headers   'x-cache-hits': '1',
21 verbose headers   'x-timer': 'S1516483786.696598,VS0,VE1',
21 verbose headers   vary: 'Accept-Encoding, Accept' }
22 silly get cb [ 200,
22 silly get   { 'content-type': 'application/json; charset=UTF-8',
22 silly get     server: 'UploadServer',
22 silly get     'cache-control': 'max-age=300',
22 silly get     'last-modified': 'Mon, 25 Dec 2017 9:07:24 GMT',
22 silly get     etag: '"5a40bfcc-111cd"',
22 silly get     'content-encoding': 'gzip',
22 silly get     'content-length': '7062',
22 silly get     'accept-ranges': 'bytes',
22 silly get     date: 'Sat, 20 Jan 2018 21:29:45 GMT',
22 silly get     via: '1.1 varnish',
22 silly get     age: '7710',
22 silly get     connection: 'keep-alive',
22 silly get     'x-served-by': 'cache-ams4126-AMS',
22 silly get     'x-cache': 'HIT',
22 silly get     'x-cache-hits': '1',
22 silly get     'x-timer': 'S1516483786.696598,VS0,VE1',
22 silly get     vary: 'Accept-Encoding, Accept' } ]
23 verbose get saving supervisor to /home/tianz/.npm/registry.npmjs.org/supervisor/.cache.json
24 silly install normalizeTree
25 silly loadCurrentTree Finishing
26 silly loadIdealTree Starting
27 silly install loadIdealTree
28 silly cloneCurrentTree Starting
29 silly install cloneCurrentTreeToIdealTree
30 silly cloneCurrentTree Finishing
31 silly loadShrinkwrap Starting
32 silly install loadShrinkwrap
33 silly loadShrinkwrap Finishing
34 silly loadAllDepsIntoIdealTree Starting
35 silly install loadAllDepsIntoIdealTree
36 silly resolveWithNewModule supervisor@0.12.0 checking installable status
37 silly cache add args [ 'supervisor', null ]
38 verbose cache add spec supervisor
39 silly cache add parsed spec Result {
39 silly cache add   raw: 'supervisor',
39 silly cache add   scope: null,
39 silly cache add   name: 'supervisor',
39 silly cache add   rawSpec: '',
39 silly cache add   spec: 'latest',
39 silly cache add   type: 'tag' }
40 silly addNamed supervisor@latest
41 verbose addNamed "latest" is being treated as a dist-tag for supervisor
42 info addNameTag [ 'supervisor', 'latest' ]
43 silly mapToRegistry name supervisor
44 silly mapToRegistry using default registry
45 silly mapToRegistry registry https://registry.npmjs.org/
46 silly mapToRegistry uri https://registry.npmjs.org/supervisor
47 verbose addNameTag registry:https://registry.npmjs.org/supervisor not in flight; fetching
48 verbose get https://registry.npmjs.org/supervisor not expired, no request
49 silly addNameTag next cb for supervisor with tag latest
50 silly addNamed supervisor@0.12.0
51 verbose addNamed "0.12.0" is a plain semver version for supervisor
52 silly cache afterAdd supervisor@0.12.0
53 verbose afterAdd /home/tianz/.npm/supervisor/0.12.0/package/package.json not in flight; writing
54 verbose afterAdd /home/tianz/.npm/supervisor/0.12.0/package/package.json written
55 silly loadAllDepsIntoIdealTree Finishing
56 silly idealTree:prePrune lib
56 silly idealTree:prePrune └── supervisor@0.12.0
57 silly loadIdealTree Finishing
58 silly currentTree lib
58 silly currentTree └── supervisor@0.12.0
59 silly idealTree lib
59 silly idealTree └── supervisor@0.12.0
60 silly generateActionsToTake Starting
61 silly install generateActionsToTake
62 warn checkPermissions Missing write access to /usr/local/lib/node_modules/supervisor
63 warn checkPermissions Missing write access to /usr/local/lib/node_modules
64 silly rollbackFailedOptional Starting
65 silly rollbackFailedOptional Finishing
66 silly runTopLevelLifecycles Starting
67 silly runTopLevelLifecycles Finishing
68 silly install printInstalled
69 verbose stack Error: EACCES: permission denied, access '/usr/local/lib/node_modules/supervisor'
69 verbose stack     at Error (native)
70 verbose cwd /home/tianz/Workspace/WME_Last/Team_6
71 error Linux 4.4.0-109-generic
72 error argv "/usr/bin/nodejs" "/usr/bin/npm" "install" "supervisor" "-g"
73 error node v4.2.6
74 error npm  v3.5.2
75 error path /usr/local/lib/node_modules/supervisor
76 error code EACCES
77 error errno -13
78 error syscall access
79 error Error: EACCES: permission denied, access '/usr/local/lib/node_modules/supervisor'
79 error     at Error (native)
79 error  { [Error: EACCES: permission denied, access '/usr/local/lib/node_modules/supervisor']
79 error   errno: -13,
79 error   code: 'EACCES',
79 error   syscall: 'access',
79 error   path: '/usr/local/lib/node_modules/supervisor' }
80 error Please try running this command again as root/Administrator.
81 verbose exit [ -13, true ]
